1662097463204	geckodriver	INFO	Listening on 127.0.0.1:47917
1662097463206	mozrunner::runner	INFO	Running command: "/usr/bin/firefox" "--marionette" "--start-maximized" "-foreground" "-no-remote" "-profile" "/tmp/rust_mozprofile02VQx2"
ATTENTION: default value of option mesa_glthread overridden by environment.
ATTENTION: default value of option mesa_glthread overridden by environment.
ATTENTION: default value of option mesa_glthread overridden by environment.
ATTENTION: default value of option mesa_glthread overridden by environment.
1662097463998	Marionette	INFO	Marionette enabled
1662097464002	Marionette	INFO	Listening on port 45917
1662097464105	RemoteAgent	WARN	TLS certificate errors will be ignored for this session
console.warn: SearchSettings: "get: No settings file exists, new profile?" (new NotFoundError("Could not open the file at /tmp/rust_mozprofile02VQx2/search.json.mozlz4", (void 0)))
Missing chrome or resource URL: resource://gre/modules/UpdateListener.jsm
Missing chrome or resource URL: resource://gre/modules/UpdateListener.sys.mjs
console.error: services.settings: 
  main/query-stripping Signature failed  InvalidSignatureError: Invalid content signature (main/query-stripping)
console.error: services.settings: 
  main/query-stripping local data was corrupted
console.warn: services.settings: main/query-stripping Signature verified failed. Retry from scratch
console.error: services.settings: 
  main/query-stripping Signature failed again InvalidSignatureError: Invalid content signature (main/query-stripping)
console.warn: LoginRecipes: "getRecipes: falling back to a synchronous message for:" "https://en.savefrom.net"
JavaScript warning: https://eezegrip.net/pfe/current/micro.tag.min.js?z=3461354, line 1: WEBGL_debug_renderer_info is deprecated in Firefox and will be removed. Please use RENDERER.
JavaScript error: , line 0: TypeError: NetworkError when attempting to fetch resource.
1662097470342	Marionette	WARN	Ignoring event 'DOMContentLoaded' because document has an invalid readyState of 'complete'.
JavaScript error: resource://gre/modules/XULStore.jsm, line 68: Error: Can't find profile directory.
JavaScript error: resource://gre/modules/XULStore.jsm, line 68: Error: Can't find profile directory.
console.warn: LoginRecipes: "getRecipes: falling back to a synchronous message for:" "https://static.olymptrade.com"
console.warn: LoginRecipes: "getRecipes: falling back to a synchronous message for:" "https://static.olymptrade.com"
console.warn: LoginRecipes: "getRecipes: falling back to a synchronous message for:" "https://tr.snapchat.com"
Missing chrome or resource URL: resource://gre/modules/UpdateListener.jsm
Missing chrome or resource URL: resource://gre/modules/UpdateListener.sys.mjs
console.error: "Error during quit-application-granted: [Exception... \"File error: Not found\"  nsresult: \"0x80520012 (NS_ERROR_FILE_NOT_FOUND)\"  location: \"JS frame :: resource:///modules/BrowserGlue.jsm :: _onQuitApplicationGranted/tasks< :: line 2006\"  data: no]"
1662097482786	Marionette	INFO	Stopped listening on port 45917
JavaScript error: chrome://remote/content/marionette/cert.js, line 57: NS_ERROR_NOT_AVAILABLE: Component returned failure code: 0x80040111 (NS_ERROR_NOT_AVAILABLE) [nsICertOverrideService.setDisableAllSecurityChecksAndLetAttackersInterceptMyData]
Sandbox: Unexpected EOF, op 0 flags 00 path /proc/cpuinfo
1662097542693	geckodriver	INFO	Listening on 127.0.0.1:40229
1662097542696	mozrunner::runner	INFO	Running command: "/usr/bin/firefox" "--marionette" "--start-maximized" "-foreground" "-no-remote" "-profile" "/tmp/rust_mozprofilebv2IZw"
ATTENTION: default value of option mesa_glthread overridden by environment.
ATTENTION: default value of option mesa_glthread overridden by environment.
ATTENTION: default value of option mesa_glthread overridden by environment.
ATTENTION: default value of option mesa_glthread overridden by environment.
1662097543338	Marionette	INFO	Marionette enabled
1662097543342	Marionette	INFO	Listening on port 46027
1662097543522	RemoteAgent	WARN	TLS certificate errors will be ignored for this session
console.warn: SearchSettings: "get: No settings file exists, new profile?" (new NotFoundError("Could not open the file at /tmp/rust_mozprofilebv2IZw/search.json.mozlz4", (void 0)))
Missing chrome or resource URL: resource://gre/modules/UpdateListener.jsm
Missing chrome or resource URL: resource://gre/modules/UpdateListener.sys.mjs
console.error: services.settings: 
  main/query-stripping Signature failed  InvalidSignatureError: Invalid content signature (main/query-stripping)
console.error: services.settings: 
  main/query-stripping local data was corrupted
console.warn: services.settings: main/query-stripping Signature verified failed. Retry from scratch
console.error: services.settings: 
  main/query-stripping Signature failed again InvalidSignatureError: Invalid content signature (main/query-stripping)
console.warn: LoginRecipes: "getRecipes: falling back to a synchronous message for:" "https://en.savefrom.net"
JavaScript warning: https://eezegrip.net/pfe/current/micro.tag.min.js?z=3461354, line 1: WEBGL_debug_renderer_info is deprecated in Firefox and will be removed. Please use RENDERER.
JavaScript error: , line 0: TypeError: NetworkError when attempting to fetch resource.
1662097549065	Marionette	WARN	Ignoring event 'DOMContentLoaded' because document has an invalid readyState of 'complete'.
JavaScript error: resource://gre/modules/XULStore.jsm, line 68: Error: Can't find profile directory.
JavaScript error: resource://gre/modules/XULStore.jsm, line 68: Error: Can't find profile directory.
console.warn: LoginRecipes: "getRecipes: falling back to a synchronous message for:" "https://static.olymptrade.com"
console.warn: LoginRecipes: "getRecipes: falling back to a synchronous message for:" "https://static.olymptrade.com"
console.warn: LoginRecipes: "getRecipes: falling back to a synchronous message for:" "https://tr.snapchat.com"
Missing chrome or resource URL: resource://gre/modules/UpdateListener.jsm
Missing chrome or resource URL: resource://gre/modules/UpdateListener.sys.mjs
console.error: "Error during quit-application-granted: [Exception... \"File error: Not found\"  nsresult: \"0x80520012 (NS_ERROR_FILE_NOT_FOUND)\"  location: \"JS frame :: resource:///modules/BrowserGlue.jsm :: _onQuitApplicationGranted/tasks< :: line 2006\"  data: no]"
1662097557234	Marionette	INFO	Stopped listening on port 46027
JavaScript error: chrome://remote/content/marionette/cert.js, line 57: NS_ERROR_NOT_AVAILABLE: Component returned failure code: 0x80040111 (NS_ERROR_NOT_AVAILABLE) [nsICertOverrideService.setDisableAllSecurityChecksAndLetAttackersInterceptMyData]
Sandbox: Unexpected EOF, op 0 flags 00 path /proc/cpuinfo
1662098020111	geckodriver	INFO	Listening on 127.0.0.1:44715
1662098020114	mozrunner::runner	INFO	Running command: "/usr/bin/firefox" "--marionette" "--start-maximized" "-foreground" "-no-remote" "-profile" "/tmp/rust_mozprofileeC9QfK"
ATTENTION: default value of option mesa_glthread overridden by environment.
ATTENTION: default value of option mesa_glthread overridden by environment.
ATTENTION: default value of option mesa_glthread overridden by environment.
ATTENTION: default value of option mesa_glthread overridden by environment.
1662098020740	Marionette	INFO	Marionette enabled
1662098020744	Marionette	INFO	Listening on port 36929
1662098020902	RemoteAgent	WARN	TLS certificate errors will be ignored for this session
console.warn: SearchSettings: "get: No settings file exists, new profile?" (new NotFoundError("Could not open the file at /tmp/rust_mozprofileeC9QfK/search.json.mozlz4", (void 0)))
Missing chrome or resource URL: resource://gre/modules/UpdateListener.jsm
Missing chrome or resource URL: resource://gre/modules/UpdateListener.sys.mjs
console.error: services.settings: 
  main/query-stripping Signature failed  InvalidSignatureError: Invalid content signature (main/query-stripping)
console.error: services.settings: 
  main/query-stripping local data was corrupted
console.warn: services.settings: main/query-stripping Signature verified failed. Retry from scratch
console.error: services.settings: 
  main/query-stripping Signature failed again InvalidSignatureError: Invalid content signature (main/query-stripping)
console.warn: LoginRecipes: "getRecipes: falling back to a synchronous message for:" "https://en.savefrom.net"
Missing chrome or resource URL: resource://gre/modules/UpdateListener.jsm
Missing chrome or resource URL: resource://gre/modules/UpdateListener.sys.mjs
console.error: "Error during quit-application-granted: [Exception... \"File error: Not found\"  nsresult: \"0x80520012 (NS_ERROR_FILE_NOT_FOUND)\"  location: \"JS frame :: resource:///modules/BrowserGlue.jsm :: _onQuitApplicationGranted/tasks< :: line 2006\"  data: no]"
1662098024661	Marionette	INFO	Stopped listening on port 36929
JavaScript error: chrome://remote/content/marionette/cert.js, line 57: NS_ERROR_NOT_AVAILABLE: Component returned failure code: 0x80040111 (NS_ERROR_NOT_AVAILABLE) [nsICertOverrideService.setDisableAllSecurityChecksAndLetAttackersInterceptMyData]
Sandbox: Unexpected EOF, op 0 flags 00 path /proc/cpuinfo
1662098116985	geckodriver	INFO	Listening on 127.0.0.1:42803
1662098116989	mozrunner::runner	INFO	Running command: "/usr/bin/firefox" "--marionette" "--start-maximized" "-foreground" "-no-remote" "-profile" "/tmp/rust_mozprofileDFrdCS"
ATTENTION: default value of option mesa_glthread overridden by environment.
ATTENTION: default value of option mesa_glthread overridden by environment.
ATTENTION: default value of option mesa_glthread overridden by environment.
ATTENTION: default value of option mesa_glthread overridden by environment.
1662098117615	Marionette	INFO	Marionette enabled
1662098117618	Marionette	INFO	Listening on port 42463
1662098117802	RemoteAgent	WARN	TLS certificate errors will be ignored for this session
console.warn: SearchSettings: "get: No settings file exists, new profile?" (new NotFoundError("Could not open the file at /tmp/rust_mozprofileDFrdCS/search.json.mozlz4", (void 0)))
Missing chrome or resource URL: resource://gre/modules/UpdateListener.jsm
Missing chrome or resource URL: resource://gre/modules/UpdateListener.sys.mjs
console.error: services.settings: 
  main/query-stripping Signature failed  InvalidSignatureError: Invalid content signature (main/query-stripping)
console.error: services.settings: 
  main/query-stripping local data was corrupted
console.warn: services.settings: main/query-stripping Signature verified failed. Retry from scratch
console.error: services.settings: 
  main/query-stripping Signature failed again InvalidSignatureError: Invalid content signature (main/query-stripping)
console.warn: LoginRecipes: "getRecipes: falling back to a synchronous message for:" "https://en.savefrom.net"
1662098122733	Marionette	WARN	Ignoring event 'DOMContentLoaded' because document has an invalid readyState of 'complete'.
JavaScript warning: https://eezegrip.net/pfe/current/micro.tag.min.js?z=3461354, line 1: WEBGL_debug_renderer_info is deprecated in Firefox and will be removed. Please use RENDERER.
JavaScript error: resource://gre/modules/XULStore.jsm, line 68: Error: Can't find profile directory.
JavaScript error: resource://gre/modules/XULStore.jsm, line 68: Error: Can't find profile directory.
Missing chrome or resource URL: resource://gre/modules/UpdateListener.jsm
Missing chrome or resource URL: resource://gre/modules/UpdateListener.sys.mjs
console.error: "Error during quit-application-granted: [Exception... \"File error: Not found\"  nsresult: \"0x80520012 (NS_ERROR_FILE_NOT_FOUND)\"  location: \"JS frame :: resource:///modules/BrowserGlue.jsm :: _onQuitApplicationGranted/tasks< :: line 2006\"  data: no]"
1662098128500	Marionette	INFO	Stopped listening on port 42463
JavaScript error: chrome://remote/content/marionette/cert.js, line 57: NS_ERROR_NOT_AVAILABLE: Component returned failure code: 0x80040111 (NS_ERROR_NOT_AVAILABLE) [nsICertOverrideService.setDisableAllSecurityChecksAndLetAttackersInterceptMyData]
Sandbox: Unexpected EOF, op 0 flags 00 path /proc/cpuinfo
1662098214772	geckodriver	INFO	Listening on 127.0.0.1:55943
1662098214775	mozrunner::runner	INFO	Running command: "/usr/bin/firefox" "--marionette" "--start-maximized" "-foreground" "-no-remote" "-profile" "/tmp/rust_mozprofileAIw2OW"
ATTENTION: default value of option mesa_glthread overridden by environment.
ATTENTION: default value of option mesa_glthread overridden by environment.
ATTENTION: default value of option mesa_glthread overridden by environment.
ATTENTION: default value of option mesa_glthread overridden by environment.
1662098215399	Marionette	INFO	Marionette enabled
1662098215403	Marionette	INFO	Listening on port 36021
1662098215587	RemoteAgent	WARN	TLS certificate errors will be ignored for this session
console.warn: SearchSettings: "get: No settings file exists, new profile?" (new NotFoundError("Could not open the file at /tmp/rust_mozprofileAIw2OW/search.json.mozlz4", (void 0)))
Missing chrome or resource URL: resource://gre/modules/UpdateListener.jsm
Missing chrome or resource URL: resource://gre/modules/UpdateListener.sys.mjs
console.warn: LoginRecipes: "getRecipes: falling back to a synchronous message for:" "https://en.savefrom.net"
Missing chrome or resource URL: resource://gre/modules/UpdateListener.jsm
Missing chrome or resource URL: resource://gre/modules/UpdateListener.sys.mjs
console.error: "Error during quit-application-granted: [Exception... \"File error: Not found\"  nsresult: \"0x80520012 (NS_ERROR_FILE_NOT_FOUND)\"  location: \"JS frame :: resource:///modules/BrowserGlue.jsm :: _onQuitApplicationGranted/tasks< :: line 2006\"  data: no]"
1662098219748	Marionette	INFO	Stopped listening on port 36021
JavaScript error: chrome://remote/content/marionette/cert.js, line 57: NS_ERROR_NOT_AVAILABLE: Component returned failure code: 0x80040111 (NS_ERROR_NOT_AVAILABLE) [nsICertOverrideService.setDisableAllSecurityChecksAndLetAttackersInterceptMyData]
Sandbox: Unexpected EOF, op 0 flags 00 path /proc/cpuinfo
1662098797420	geckodriver	INFO	Listening on 127.0.0.1:58033
1662098797423	mozrunner::runner	INFO	Running command: "/usr/bin/firefox" "--marionette" "--start-maximized" "-foreground" "-no-remote" "-profile" "/tmp/rust_mozprofilevGs3TK"
ATTENTION: default value of option mesa_glthread overridden by environment.
ATTENTION: default value of option mesa_glthread overridden by environment.
ATTENTION: default value of option mesa_glthread overridden by environment.
ATTENTION: default value of option mesa_glthread overridden by environment.
1662098798084	Marionette	INFO	Marionette enabled
1662098798088	Marionette	INFO	Listening on port 45677
1662098798160	RemoteAgent	WARN	TLS certificate errors will be ignored for this session
console.warn: SearchSettings: "get: No settings file exists, new profile?" (new NotFoundError("Could not open the file at /tmp/rust_mozprofilevGs3TK/search.json.mozlz4", (void 0)))
Missing chrome or resource URL: resource://gre/modules/UpdateListener.jsm
Missing chrome or resource URL: resource://gre/modules/UpdateListener.sys.mjs
console.warn: LoginRecipes: "getRecipes: falling back to a synchronous message for:" "https://en.savefrom.net"
Missing chrome or resource URL: resource://gre/modules/UpdateListener.jsm
Missing chrome or resource URL: resource://gre/modules/UpdateListener.sys.mjs
console.error: "Error during quit-application-granted: [Exception... \"File error: Not found\"  nsresult: \"0x80520012 (NS_ERROR_FILE_NOT_FOUND)\"  location: \"JS frame :: resource:///modules/BrowserGlue.jsm :: _onQuitApplicationGranted/tasks< :: line 2006\"  data: no]"
1662098804757	Marionette	INFO	Stopped listening on port 45677
JavaScript error: chrome://remote/content/marionette/cert.js, line 57: NS_ERROR_NOT_AVAILABLE: Component returned failure code: 0x80040111 (NS_ERROR_NOT_AVAILABLE) [nsICertOverrideService.setDisableAllSecurityChecksAndLetAttackersInterceptMyData]
Sandbox: Unexpected EOF, op 0 flags 00 path /proc/cpuinfo
1662098839826	geckodriver	INFO	Listening on 127.0.0.1:42443
1662098839830	mozrunner::runner	INFO	Running command: "/usr/bin/firefox" "--marionette" "--start-maximized" "-foreground" "-no-remote" "-profile" "/tmp/rust_mozprofiletztvXV"
ATTENTION: default value of option mesa_glthread overridden by environment.
ATTENTION: default value of option mesa_glthread overridden by environment.
ATTENTION: default value of option mesa_glthread overridden by environment.
ATTENTION: default value of option mesa_glthread overridden by environment.
1662098840468	Marionette	INFO	Marionette enabled
1662098840472	Marionette	INFO	Listening on port 46327
1662098840629	RemoteAgent	WARN	TLS certificate errors will be ignored for this session
console.warn: SearchSettings: "get: No settings file exists, new profile?" (new NotFoundError("Could not open the file at /tmp/rust_mozprofiletztvXV/search.json.mozlz4", (void 0)))
Missing chrome or resource URL: resource://gre/modules/UpdateListener.jsm
Missing chrome or resource URL: resource://gre/modules/UpdateListener.sys.mjs
console.warn: LoginRecipes: "getRecipes: falling back to a synchronous message for:" "https://en.savefrom.net"
1662098845088	Marionette	WARN	Ignoring event 'DOMContentLoaded' because document has an invalid readyState of 'complete'.
JavaScript warning: https://eezegrip.net/pfe/current/micro.tag.min.js?z=3461354, line 1: WEBGL_debug_renderer_info is deprecated in Firefox and will be removed. Please use RENDERER.
JavaScript error: resource://gre/modules/XULStore.jsm, line 68: Error: Can't find profile directory.
JavaScript error: resource://gre/modules/XULStore.jsm, line 68: Error: Can't find profile directory.
Missing chrome or resource URL: resource://gre/modules/UpdateListener.jsm
Missing chrome or resource URL: resource://gre/modules/UpdateListener.sys.mjs
console.error: "Error during quit-application-granted: [Exception... \"File error: Not found\"  nsresult: \"0x80520012 (NS_ERROR_FILE_NOT_FOUND)\"  location: \"JS frame :: resource:///modules/BrowserGlue.jsm :: _onQuitApplicationGranted/tasks< :: line 2006\"  data: no]"
1662098851384	Marionette	INFO	Stopped listening on port 46327
JavaScript error: chrome://remote/content/marionette/cert.js, line 57: NS_ERROR_NOT_AVAILABLE: Component returned failure code: 0x80040111 (NS_ERROR_NOT_AVAILABLE) [nsICertOverrideService.setDisableAllSecurityChecksAndLetAttackersInterceptMyData]
Sandbox: Unexpected EOF, op 0 flags 00 path /proc/cpuinfo
1662099046040	geckodriver	INFO	Listening on 127.0.0.1:54983
1662099046043	mozrunner::runner	INFO	Running command: "/usr/bin/firefox" "--marionette" "-foreground" "-no-remote" "-profile" "/tmp/rust_mozprofileb3FBXL"
ATTENTION: default value of option mesa_glthread overridden by environment.
ATTENTION: default value of option mesa_glthread overridden by environment.
ATTENTION: default value of option mesa_glthread overridden by environment.
ATTENTION: default value of option mesa_glthread overridden by environment.
1662099046669	Marionette	INFO	Marionette enabled
1662099046673	Marionette	INFO	Listening on port 33225
1662099046839	RemoteAgent	WARN	TLS certificate errors will be ignored for this session
console.warn: SearchSettings: "get: No settings file exists, new profile?" (new NotFoundError("Could not open the file at /tmp/rust_mozprofileb3FBXL/search.json.mozlz4", (void 0)))
Missing chrome or resource URL: resource://gre/modules/UpdateListener.jsm
Missing chrome or resource URL: resource://gre/modules/UpdateListener.sys.mjs
JavaScript warning: https://eezegrip.net/pfe/current/micro.tag.min.js?z=3461354, line 1: WEBGL_debug_renderer_info is deprecated in Firefox and will be removed. Please use RENDERER.
Missing chrome or resource URL: resource://gre/modules/UpdateListener.jsm
Missing chrome or resource URL: resource://gre/modules/UpdateListener.sys.mjs
console.error: "Error during quit-application-granted: [Exception... \"File error: Not found\"  nsresult: \"0x80520012 (NS_ERROR_FILE_NOT_FOUND)\"  location: \"JS frame :: resource:///modules/BrowserGlue.jsm :: _onQuitApplicationGranted/tasks< :: line 2006\"  data: no]"
1662099055509	Marionette	INFO	Stopped listening on port 33225
Sandbox: Unexpected EOF, op 0 flags 00 path /proc/cpuinfo
1662099231333	geckodriver	INFO	Listening on 127.0.0.1:46015
1662099231336	mozrunner::runner	INFO	Running command: "/usr/bin/firefox" "--marionette" "-foreground" "-no-remote" "-profile" "/tmp/rust_mozprofileRnBEFe"
ATTENTION: default value of option mesa_glthread overridden by environment.
ATTENTION: default value of option mesa_glthread overridden by environment.
ATTENTION: default value of option mesa_glthread overridden by environment.
ATTENTION: default value of option mesa_glthread overridden by environment.
1662099231972	Marionette	INFO	Marionette enabled
1662099231976	Marionette	INFO	Listening on port 43883
1662099232161	RemoteAgent	WARN	TLS certificate errors will be ignored for this session
console.warn: SearchSettings: "get: No settings file exists, new profile?" (new NotFoundError("Could not open the file at /tmp/rust_mozprofileRnBEFe/search.json.mozlz4", (void 0)))
Missing chrome or resource URL: resource://gre/modules/UpdateListener.jsm
Missing chrome or resource URL: resource://gre/modules/UpdateListener.sys.mjs
JavaScript warning: https://eezegrip.net/pfe/current/micro.tag.min.js?z=3461354, line 1: WEBGL_debug_renderer_info is deprecated in Firefox and will be removed. Please use RENDERER.
Missing chrome or resource URL: resource://gre/modules/UpdateListener.jsm
Missing chrome or resource URL: resource://gre/modules/UpdateListener.sys.mjs
console.error: "Error during quit-application-granted: [Exception... \"File error: Not found\"  nsresult: \"0x80520012 (NS_ERROR_FILE_NOT_FOUND)\"  location: \"JS frame :: resource:///modules/BrowserGlue.jsm :: _onQuitApplicationGranted/tasks< :: line 2006\"  data: no]"
1662099241601	Marionette	INFO	Stopped listening on port 43883
Sandbox: Unexpected EOF, op 0 flags 00 path /proc/cpuinfo
1662099794905	geckodriver	INFO	Listening on 127.0.0.1:54759
1662099795911	mozrunner::runner	INFO	Running command: "/usr/bin/firefox" "--marionette" "--start-maximized" "-foreground" "-no-remote" "-profile" "/tmp/rust_mozprofilebLaYwH"
ATTENTION: default value of option mesa_glthread overridden by environment.
ATTENTION: default value of option mesa_glthread overridden by environment.
ATTENTION: default value of option mesa_glthread overridden by environment.
ATTENTION: default value of option mesa_glthread overridden by environment.
1662099796729	Marionette	INFO	Marionette enabled
1662099796733	Marionette	INFO	Listening on port 36649
1662099796914	RemoteAgent	WARN	TLS certificate errors will be ignored for this session
console.warn: SearchSettings: "get: No settings file exists, new profile?" (new NotFoundError("Could not open the file at /tmp/rust_mozprofilebLaYwH/search.json.mozlz4", (void 0)))
Missing chrome or resource URL: resource://gre/modules/UpdateListener.jsm
Missing chrome or resource URL: resource://gre/modules/UpdateListener.sys.mjs
Missing chrome or resource URL: resource://gre/modules/UpdateListener.jsm
Missing chrome or resource URL: resource://gre/modules/UpdateListener.sys.mjs
console.error: "Error during quit-application-granted: [Exception... \"File error: Not found\"  nsresult: \"0x80520012 (NS_ERROR_FILE_NOT_FOUND)\"  location: \"JS frame :: resource:///modules/BrowserGlue.jsm :: _onQuitApplicationGranted/tasks< :: line 2006\"  data: no]"
1662099801449	Marionette	INFO	Stopped listening on port 36649
JavaScript error: chrome://remote/content/marionette/cert.js, line 57: NS_ERROR_NOT_AVAILABLE: Component returned failure code: 0x80040111 (NS_ERROR_NOT_AVAILABLE) [nsICertOverrideService.setDisableAllSecurityChecksAndLetAttackersInterceptMyData]
1662099824801	geckodriver	INFO	Listening on 127.0.0.1:40575
1662099824804	mozrunner::runner	INFO	Running command: "/usr/bin/firefox" "--marionette" "--start-maximized" "-foreground" "-no-remote" "-profile" "/tmp/rust_mozprofile69qzPC"
ATTENTION: default value of option mesa_glthread overridden by environment.
ATTENTION: default value of option mesa_glthread overridden by environment.
ATTENTION: default value of option mesa_glthread overridden by environment.
ATTENTION: default value of option mesa_glthread overridden by environment.
1662099825439	Marionette	INFO	Marionette enabled
1662099825443	Marionette	INFO	Listening on port 35013
1662099825597	RemoteAgent	WARN	TLS certificate errors will be ignored for this session
console.warn: SearchSettings: "get: No settings file exists, new profile?" (new NotFoundError("Could not open the file at /tmp/rust_mozprofile69qzPC/search.json.mozlz4", (void 0)))
Missing chrome or resource URL: resource://gre/modules/UpdateListener.jsm
Missing chrome or resource URL: resource://gre/modules/UpdateListener.sys.mjs
console.warn: LoginRecipes: "getRecipes: falling back to a synchronous message for:" "https://en.savefrom.net"
1662099830563	Marionette	WARN	Ignoring event 'DOMContentLoaded' because document has an invalid readyState of 'complete'.
JavaScript error: resource://gre/modules/XULStore.jsm, line 68: Error: Can't find profile directory.
JavaScript error: resource://gre/modules/XULStore.jsm, line 68: Error: Can't find profile directory.
console.warn: LoginRecipes: "getRecipes: falling back to a synchronous message for:" "https://static.olymptrade.com"
console.warn: LoginRecipes: "getRecipes: falling back to a synchronous message for:" "https://static.olymptrade.com"
console.warn: LoginRecipes: "getRecipes: falling back to a synchronous message for:" "https://en.savefrom.net"
JavaScript warning: https://eezegrip.net/pfe/current/micro.tag.min.js?z=3461354, line 1: WEBGL_debug_renderer_info is deprecated in Firefox and will be removed. Please use RENDERER.
1662099836948	Marionette	WARN	Ignoring event 'DOMContentLoaded' because document has an invalid readyState of 'complete'.
console.warn: LoginRecipes: "getRecipes: falling back to a synchronous message for:" "https://en.savefrom.net"
JavaScript error: https://ak.hetaruwg.com/4/2579647/, line 43: TypeError: navigator.connection is undefined
console.warn: LoginRecipes: "getRecipes: falling back to a synchronous message for:" "https://en.savefrom.net"
JavaScript error: https://ak.hetaruwg.com/4/2579647/, line 43: TypeError: navigator.connection is undefined
Missing chrome or resource URL: resource://gre/modules/UpdateListener.jsm
Missing chrome or resource URL: resource://gre/modules/UpdateListener.sys.mjs
console.error: "Error during quit-application-granted: [Exception... \"File error: Not found\"  nsresult: \"0x80520012 (NS_ERROR_FILE_NOT_FOUND)\"  location: \"JS frame :: resource:///modules/BrowserGlue.jsm :: _onQuitApplicationGranted/tasks< :: line 2006\"  data: no]"
1662099859372	Marionette	INFO	Stopped listening on port 35013
Sandbox: Unexpected EOF, op 0 flags 00 path /proc/cpuinfo
1662099924336	geckodriver	INFO	Listening on 127.0.0.1:58017
1662099924339	mozrunner::runner	INFO	Running command: "/usr/bin/firefox" "--marionette" "--start-maximized" "-foreground" "-no-remote" "-profile" "/tmp/rust_mozprofile5oX0lw"
ATTENTION: default value of option mesa_glthread overridden by environment.
ATTENTION: default value of option mesa_glthread overridden by environment.
ATTENTION: default value of option mesa_glthread overridden by environment.
ATTENTION: default value of option mesa_glthread overridden by environment.
1662099924978	Marionette	INFO	Marionette enabled
1662099924981	Marionette	INFO	Listening on port 41393
1662099925135	RemoteAgent	WARN	TLS certificate errors will be ignored for this session
console.warn: SearchSettings: "get: No settings file exists, new profile?" (new NotFoundError("Could not open the file at /tmp/rust_mozprofile5oX0lw/search.json.mozlz4", (void 0)))
Missing chrome or resource URL: resource://gre/modules/UpdateListener.jsm
Missing chrome or resource URL: resource://gre/modules/UpdateListener.sys.mjs
console.warn: LoginRecipes: "getRecipes: falling back to a synchronous message for:" "https://en.savefrom.net"
Missing chrome or resource URL: resource://gre/modules/UpdateListener.jsm
Missing chrome or resource URL: resource://gre/modules/UpdateListener.sys.mjs
console.error: "Error during quit-application-granted: [Exception... \"File error: Not found\"  nsresult: \"0x80520012 (NS_ERROR_FILE_NOT_FOUND)\"  location: \"JS frame :: resource:///modules/BrowserGlue.jsm :: _onQuitApplicationGranted/tasks< :: line 2006\"  data: no]"
1662099929221	Marionette	INFO	Stopped listening on port 41393
JavaScript error: chrome://remote/content/marionette/cert.js, line 57: NS_ERROR_NOT_AVAILABLE: Component returned failure code: 0x80040111 (NS_ERROR_NOT_AVAILABLE) [nsICertOverrideService.setDisableAllSecurityChecksAndLetAttackersInterceptMyData]
Sandbox: Unexpected EOF, op 0 flags 00 path /proc/cpuinfo
1662099942988	geckodriver	INFO	Listening on 127.0.0.1:54297
1662099942991	mozrunner::runner	INFO	Running command: "/usr/bin/firefox" "--marionette" "--start-maximized" "-foreground" "-no-remote" "-profile" "/tmp/rust_mozprofilexwzowP"
ATTENTION: default value of option mesa_glthread overridden by environment.
ATTENTION: default value of option mesa_glthread overridden by environment.
ATTENTION: default value of option mesa_glthread overridden by environment.
ATTENTION: default value of option mesa_glthread overridden by environment.
1662099943644	Marionette	INFO	Marionette enabled
1662099943648	Marionette	INFO	Listening on port 35421
1662099943735	RemoteAgent	WARN	TLS certificate errors will be ignored for this session
console.warn: SearchSettings: "get: No settings file exists, new profile?" (new NotFoundError("Could not open the file at /tmp/rust_mozprofilexwzowP/search.json.mozlz4", (void 0)))
Missing chrome or resource URL: resource://gre/modules/UpdateListener.jsm
Missing chrome or resource URL: resource://gre/modules/UpdateListener.sys.mjs
console.warn: LoginRecipes: "getRecipes: falling back to a synchronous message for:" "https://en.savefrom.net"
Missing chrome or resource URL: resource://gre/modules/UpdateListener.jsm
Missing chrome or resource URL: resource://gre/modules/UpdateListener.sys.mjs
console.error: "Error during quit-application-granted: [Exception... \"File error: Not found\"  nsresult: \"0x80520012 (NS_ERROR_FILE_NOT_FOUND)\"  location: \"JS frame :: resource:///modules/BrowserGlue.jsm :: _onQuitApplicationGranted/tasks< :: line 2006\"  data: no]"
1662099949138	Marionette	INFO	Stopped listening on port 35421
JavaScript error: chrome://remote/content/marionette/cert.js, line 57: NS_ERROR_NOT_AVAILABLE: Component returned failure code: 0x80040111 (NS_ERROR_NOT_AVAILABLE) [nsICertOverrideService.setDisableAllSecurityChecksAndLetAttackersInterceptMyData]
Sandbox: Unexpected EOF, op 0 flags 00 path /proc/cpuinfo
1662100133142	geckodriver	INFO	Listening on 127.0.0.1:38509
1662100133144	mozrunner::runner	INFO	Running command: "/usr/bin/firefox" "--marionette" "--start-maximized" "-foreground" "-no-remote" "-profile" "/tmp/rust_mozprofilekhaAiA"
ATTENTION: default value of option mesa_glthread overridden by environment.
ATTENTION: default value of option mesa_glthread overridden by environment.
ATTENTION: default value of option mesa_glthread overridden by environment.
ATTENTION: default value of option mesa_glthread overridden by environment.
1662100133761	Marionette	INFO	Marionette enabled
1662100133764	Marionette	INFO	Listening on port 38621
1662100133955	RemoteAgent	WARN	TLS certificate errors will be ignored for this session
console.warn: SearchSettings: "get: No settings file exists, new profile?" (new NotFoundError("Could not open the file at /tmp/rust_mozprofilekhaAiA/search.json.mozlz4", (void 0)))
Missing chrome or resource URL: resource://gre/modules/UpdateListener.jsm
Missing chrome or resource URL: resource://gre/modules/UpdateListener.sys.mjs
console.warn: LoginRecipes: "getRecipes: falling back to a synchronous message for:" "https://en.savefrom.net"
1662100138425	Marionette	WARN	Ignoring event 'DOMContentLoaded' because document has an invalid readyState of 'complete'.
JavaScript error: resource://gre/modules/XULStore.jsm, line 68: Error: Can't find profile directory.
JavaScript error: resource://gre/modules/XULStore.jsm, line 68: Error: Can't find profile directory.
console.warn: LoginRecipes: "getRecipes: falling back to a synchronous message for:" "https://en.savefrom.net"
Missing chrome or resource URL: resource://gre/modules/UpdateListener.jsm
Missing chrome or resource URL: resource://gre/modules/UpdateListener.sys.mjs
console.error: "Error during quit-application-granted: [Exception... \"File error: Not found\"  nsresult: \"0x80520012 (NS_ERROR_FILE_NOT_FOUND)\"  location: \"JS frame :: resource:///modules/BrowserGlue.jsm :: _onQuitApplicationGranted/tasks< :: line 2006\"  data: no]"
1662100143618	Marionette	INFO	Stopped listening on port 38621
JavaScript error: chrome://remote/content/marionette/cert.js, line 57: NS_ERROR_NOT_AVAILABLE: Component returned failure code: 0x80040111 (NS_ERROR_NOT_AVAILABLE) [nsICertOverrideService.setDisableAllSecurityChecksAndLetAttackersInterceptMyData]
Sandbox: Unexpected EOF, op 0 flags 00 path /proc/cpuinfo
1662100292600	geckodriver	INFO	Listening on 127.0.0.1:48365
1662100292604	mozrunner::runner	INFO	Running command: "/usr/bin/firefox" "--marionette" "--start-maximized" "-foreground" "-no-remote" "-profile" "/tmp/rust_mozprofileqG0JVJ"
ATTENTION: default value of option mesa_glthread overridden by environment.
ATTENTION: default value of option mesa_glthread overridden by environment.
ATTENTION: default value of option mesa_glthread overridden by environment.
ATTENTION: default value of option mesa_glthread overridden by environment.
1662100293241	Marionette	INFO	Marionette enabled
1662100293245	Marionette	INFO	Listening on port 35963
1662100293427	RemoteAgent	WARN	TLS certificate errors will be ignored for this session
console.warn: SearchSettings: "get: No settings file exists, new profile?" (new NotFoundError("Could not open the file at /tmp/rust_mozprofileqG0JVJ/search.json.mozlz4", (void 0)))
Missing chrome or resource URL: resource://gre/modules/UpdateListener.jsm
Missing chrome or resource URL: resource://gre/modules/UpdateListener.sys.mjs
console.warn: LoginRecipes: "getRecipes: falling back to a synchronous message for:" "https://en.savefrom.net"
Missing chrome or resource URL: resource://gre/modules/UpdateListener.jsm
Missing chrome or resource URL: resource://gre/modules/UpdateListener.sys.mjs
console.error: "Error during quit-application-granted: [Exception... \"File error: Not found\"  nsresult: \"0x80520012 (NS_ERROR_FILE_NOT_FOUND)\"  location: \"JS frame :: resource:///modules/BrowserGlue.jsm :: _onQuitApplicationGranted/tasks< :: line 2006\"  data: no]"
1662100296656	Marionette	INFO	Stopped listening on port 35963
JavaScript error: chrome://remote/content/marionette/cert.js, line 57: NS_ERROR_NOT_AVAILABLE: Component returned failure code: 0x80040111 (NS_ERROR_NOT_AVAILABLE) [nsICertOverrideService.setDisableAllSecurityChecksAndLetAttackersInterceptMyData]
1662100320246	geckodriver	INFO	Listening on 127.0.0.1:33195
1662100320249	mozrunner::runner	INFO	Running command: "/usr/bin/firefox" "--marionette" "--start-maximized" "-foreground" "-no-remote" "-profile" "/tmp/rust_mozprofileHyjMbr"
ATTENTION: default value of option mesa_glthread overridden by environment.
ATTENTION: default value of option mesa_glthread overridden by environment.
ATTENTION: default value of option mesa_glthread overridden by environment.
ATTENTION: default value of option mesa_glthread overridden by environment.
1662100320856	Marionette	INFO	Marionette enabled
1662100320860	Marionette	INFO	Listening on port 36261
1662100321248	RemoteAgent	WARN	TLS certificate errors will be ignored for this session
console.warn: SearchSettings: "get: No settings file exists, new profile?" (new NotFoundError("Could not open the file at /tmp/rust_mozprofileHyjMbr/search.json.mozlz4", (void 0)))
Missing chrome or resource URL: resource://gre/modules/UpdateListener.jsm
Missing chrome or resource URL: resource://gre/modules/UpdateListener.sys.mjs
console.warn: LoginRecipes: "getRecipes: falling back to a synchronous message for:" "https://en.savefrom.net"
1662100325377	Marionette	WARN	Ignoring event 'DOMContentLoaded' because document has an invalid readyState of 'complete'.
JavaScript error: resource://gre/modules/XULStore.jsm, line 68: Error: Can't find profile directory.
JavaScript error: resource://gre/modules/XULStore.jsm, line 68: Error: Can't find profile directory.
console.warn: LoginRecipes: "getRecipes: falling back to a synchronous message for:" "https://en.savefrom.net"
1662100332000	Marionette	WARN	Ignoring event 'DOMContentLoaded' because document has an invalid readyState of 'complete'.
JavaScript warning: https://hindi.oneindia.com/common/build/js/jquery-1.9.1.min.js?v=3.0.67, line 2: Using //@ to indicate sourceMappingURL pragmas is deprecated. Use //# instead
console.warn: LoginRecipes: "getRecipes: falling back to a synchronous message for:" "https://en.savefrom.net"
1662100339438	Marionette	WARN	Ignoring event 'DOMContentLoaded' because document has an invalid readyState of 'complete'.
console.warn: LoginRecipes: "getRecipes: falling back to a synchronous message for:" "https://en.savefrom.net"
1662100347139	Marionette	WARN	Ignoring event 'DOMContentLoaded' because document has an invalid readyState of 'complete'.
Missing chrome or resource URL: resource://gre/modules/UpdateListener.jsm
Missing chrome or resource URL: resource://gre/modules/UpdateListener.sys.mjs
console.error: "Error during quit-application-granted: [Exception... \"File error: Not found\"  nsresult: \"0x80520012 (NS_ERROR_FILE_NOT_FOUND)\"  location: \"JS frame :: resource:///modules/BrowserGlue.jsm :: _onQuitApplicationGranted/tasks< :: line 2006\"  data: no]"
1662100365121	Marionette	INFO	Stopped listening on port 36261
Sandbox: Unexpected EOF, op 0 flags 00 path /proc/cpuinfo
1662100390502	geckodriver	INFO	Listening on 127.0.0.1:46631
1662100390505	mozrunner::runner	INFO	Running command: "/usr/bin/firefox" "--marionette" "--start-maximized" "-foreground" "-no-remote" "-profile" "/tmp/rust_mozprofile6rp42R"
ATTENTION: default value of option mesa_glthread overridden by environment.
ATTENTION: default value of option mesa_glthread overridden by environment.
ATTENTION: default value of option mesa_glthread overridden by environment.
ATTENTION: default value of option mesa_glthread overridden by environment.
1662100391125	Marionette	INFO	Marionette enabled
1662100391130	Marionette	INFO	Listening on port 45493
1662100391319	RemoteAgent	WARN	TLS certificate errors will be ignored for this session
console.warn: SearchSettings: "get: No settings file exists, new profile?" (new NotFoundError("Could not open the file at /tmp/rust_mozprofile6rp42R/search.json.mozlz4", (void 0)))
Missing chrome or resource URL: resource://gre/modules/UpdateListener.jsm
Missing chrome or resource URL: resource://gre/modules/UpdateListener.sys.mjs
console.warn: LoginRecipes: "getRecipes: falling back to a synchronous message for:" "https://en.savefrom.net"
1662100395893	Marionette	WARN	Ignoring event 'DOMContentLoaded' because document has an invalid readyState of 'complete'.
JavaScript error: resource://gre/modules/XULStore.jsm, line 68: Error: Can't find profile directory.
JavaScript error: resource://gre/modules/XULStore.jsm, line 68: Error: Can't find profile directory.
console.warn: LoginRecipes: "getRecipes: falling back to a synchronous message for:" "https://static.olymptrade.com"
console.warn: LoginRecipes: "getRecipes: falling back to a synchronous message for:" "https://static.olymptrade.com"
console.warn: LoginRecipes: "getRecipes: falling back to a synchronous message for:" "https://tr.snapchat.com"
console.warn: LoginRecipes: "getRecipes: falling back to a synchronous message for:" "https://en.savefrom.net"
1662100402841	Marionette	WARN	Ignoring event 'DOMContentLoaded' because document has an invalid readyState of 'complete'.
JavaScript warning: https://hindi.oneindia.com/common/build/js/jquery-1.9.1.min.js?v=3.0.67, line 2: Using //@ to indicate sourceMappingURL pragmas is deprecated. Use //# instead
1662100406084	Marionette	WARN	Ignoring event 'DOMContentLoaded' because document has an invalid readyState of 'complete'.
JavaScript warning: https://tag.escalated.io/?i=frjrZjE3qFfbr52&callback=reportIVT, line 10: WEBGL_debug_renderer_info is deprecated in Firefox and will be removed. Please use RENDERER.
console.warn: LoginRecipes: "getRecipes: falling back to a synchronous message for:" "https://en.savefrom.net"
1662100409865	Marionette	WARN	Ignoring event 'DOMContentLoaded' because document has an invalid readyState of 'complete'.
Missing chrome or resource URL: resource://gre/modules/UpdateListener.jsm
Missing chrome or resource URL: resource://gre/modules/UpdateListener.sys.mjs
console.error: "Error during quit-application-granted: [Exception... \"File error: Not found\"  nsresult: \"0x80520012 (NS_ERROR_FILE_NOT_FOUND)\"  location: \"JS frame :: resource:///modules/BrowserGlue.jsm :: _onQuitApplicationGranted/tasks< :: line 2006\"  data: no]"
1662100438134	Marionette	INFO	Stopped listening on port 45493
Sandbox: Unexpected EOF, op 0 flags 00 path /proc/cpuinfo
